365  [main] INFO  c.e.p.Practice23Application – Starting Practice23Application using Java 1.8.0_292 on Harlequin with PID 17012 (C:\Users\Harlequin\java-templates-master\java-templates-master\practice23\target\classes started by Harlequin in C:\Users\Harlequin\java-templates-master\java-templates-master\practice23)
367  [main] INFO  c.e.p.Practice23Application – No active profile set, falling back to default profiles: default
705  [main] INFO  o.s.d.r.c.RepositoryConfigurationDelegate – Bootstrapping Spring Data JPA repositories in DEFAULT mode.
743  [main] INFO  o.s.d.r.c.RepositoryConfigurationDelegate – Finished Spring Data repository scanning in 33 ms. Found 4 JPA repository interfaces.
1222 [main] INFO  o.s.b.w.e.tomcat.TomcatWebServer – Tomcat initialized with port(s): 8080 (http)
1227 [main] INFO  o.a.coyote.http11.Http11NioProtocol – Initializing ProtocolHandler ["http-nio-8080"]
1227 [main] INFO  o.a.catalina.core.StandardService – Starting service [Tomcat]
1227 [main] INFO  o.a.catalina.core.StandardEngine – Starting Servlet engine: [Apache Tomcat/9.0.43]
1408 [main] INFO  o.apache.jasper.servlet.TldScanner – At least one JAR was scanned for TLDs yet contained no TLDs. Enable debug logging for this logger for a complete list of JARs that were scanned but no TLDs were found in them. Skipping unneeded JARs during scanning can improve startup time and JSP compilation time.
1411 [main] INFO  o.a.c.c.C.[Tomcat].[localhost].[/] – Initializing Spring embedded WebApplicationContext
1411 [main] INFO  o.s.b.w.s.c.ServletWebServerApplicationContext – Root WebApplicationContext: initialization completed in 1016 ms
1479 [main] INFO  com.zaxxer.hikari.HikariDataSource – HikariPool-1 - Starting...
1846 [main] INFO  com.zaxxer.hikari.HikariDataSource – HikariPool-1 - Start completed.
1959 [main] INFO  o.h.jpa.internal.util.LogHelper – HHH000204: Processing PersistenceUnitInfo [name: default]
1988 [main] INFO  org.hibernate.Version – HHH000412: Hibernate ORM core version 5.4.28.Final
2067 [main] INFO  o.h.annotations.common.Version – HCANN000001: Hibernate Commons Annotations {5.1.2.Final}
2135 [main] INFO  org.hibernate.dialect.Dialect – HHH000400: Using dialect: org.hibernate.dialect.PostgreSQL10Dialect
2546 [main] INFO  o.h.e.t.j.p.i.JtaPlatformInitiator – HHH000490: Using JtaPlatform implementation: [org.hibernate.engine.transaction.jta.platform.internal.NoJtaPlatform]
2553 [main] INFO  o.s.o.j.LocalContainerEntityManagerFactoryBean – Initialized JPA EntityManagerFactory for persistence unit 'default'
2652 [main] WARN  o.s.b.a.o.j.JpaBaseConfiguration$JpaWebConfiguration – spring.jpa.open-in-view is enabled by default. Therefore, database queries may be performed during view rendering. Explicitly configure spring.jpa.open-in-view to disable this warning
3029 [main] INFO  o.s.s.c.ThreadPoolTaskExecutor – Initializing ExecutorService 'applicationTaskExecutor'
3083 [main] INFO  o.s.b.a.w.s.WelcomePageHandlerMapping – Adding welcome page: class path resource [static/index.html]
3246 [main] INFO  o.s.s.w.DefaultSecurityFilterChain – Will secure any request with [org.springframework.security.web.context.request.async.WebAsyncManagerIntegrationFilter@60194904, org.springframework.security.web.context.SecurityContextPersistenceFilter@6921cfa, org.springframework.security.web.header.HeaderWriterFilter@68821f6, org.springframework.security.web.authentication.logout.LogoutFilter@4eb1943b, org.springframework.security.web.authentication.UsernamePasswordAuthenticationFilter@42d174ad, org.springframework.security.web.savedrequest.RequestCacheAwareFilter@d7055be, org.springframework.security.web.servletapi.SecurityContextHolderAwareRequestFilter@43423d40, org.springframework.security.web.authentication.AnonymousAuthenticationFilter@4db6348b, org.springframework.security.web.session.SessionManagementFilter@40a28bda, org.springframework.security.web.access.ExceptionTranslationFilter@67a6a2d0, org.springframework.security.web.access.intercept.FilterSecurityInterceptor@9880a15]
3264 [main] INFO  o.s.s.c.ThreadPoolTaskScheduler – Initializing ExecutorService 'taskScheduler'
3305 [main] INFO  o.a.coyote.http11.Http11NioProtocol – Starting ProtocolHandler ["http-nio-8080"]
3322 [main] INFO  o.s.b.w.e.tomcat.TomcatWebServer – Tomcat started on port(s): 8080 (http) with context path ''
3331 [main] INFO  c.e.p.Practice23Application – Started Practice23Application in 3.174 seconds (JVM running for 4.336)
