417  [main] INFO  c.e.p.Practice21Application – Starting Practice21Application using Java 11.0.10 on Harlequin with PID 5756 (C:\Users\Harlequin\java-templates-master\java-templates-master\practice21\target\classes started by Harlequin in C:\Users\Harlequin\java-templates-master\java-templates-master\practice21)
470  [main] INFO  c.e.p.Practice21Application – No active profile set, falling back to default profiles: default
749  [main] INFO  o.s.d.r.c.RepositoryConfigurationDelegate – Bootstrapping Spring Data JPA repositories in DEFAULT mode.
787  [main] INFO  o.s.d.r.c.RepositoryConfigurationDelegate – Finished Spring Data repository scanning in 38 ms. Found 2 JPA repository interfaces.
1219 [main] INFO  o.s.b.w.e.tomcat.TomcatWebServer – Tomcat initialized with port(s): 8080 (http)
1219 [main] INFO  o.a.coyote.http11.Http11NioProtocol – Initializing ProtocolHandler ["http-nio-8080"]
1235 [main] INFO  o.a.catalina.core.StandardService – Starting service [Tomcat]
1235 [main] INFO  o.a.catalina.core.StandardEngine – Starting Servlet engine: [Apache Tomcat/9.0.43]
1288 [main] INFO  o.a.c.c.C.[Tomcat].[localhost].[/] – Initializing Spring embedded WebApplicationContext
1288 [main] INFO  o.s.b.w.s.c.ServletWebServerApplicationContext – Root WebApplicationContext: initialization completed in 802 ms
1335 [main] INFO  com.zaxxer.hikari.HikariDataSource – HikariPool-1 - Starting...
1451 [main] INFO  com.zaxxer.hikari.HikariDataSource – HikariPool-1 - Start completed.
1536 [main] INFO  o.h.jpa.internal.util.LogHelper – HHH000204: Processing PersistenceUnitInfo [name: default]
1558 [main] INFO  org.hibernate.Version – HHH000412: Hibernate ORM core version 5.4.28.Final
1636 [main] INFO  o.h.annotations.common.Version – HCANN000001: Hibernate Commons Annotations {5.1.2.Final}
1689 [main] INFO  org.hibernate.dialect.Dialect – HHH000400: Using dialect: org.hibernate.dialect.PostgreSQL10Dialect
2037 [main] INFO  o.h.e.t.j.p.i.JtaPlatformInitiator – HHH000490: Using JtaPlatform implementation: [org.hibernate.engine.transaction.jta.platform.internal.NoJtaPlatform]
2037 [main] INFO  o.s.o.j.LocalContainerEntityManagerFactoryBean – Initialized JPA EntityManagerFactory for persistence unit 'default'
2338 [main] WARN  o.s.b.a.o.j.JpaBaseConfiguration$JpaWebConfiguration – spring.jpa.open-in-view is enabled by default. Therefore, database queries may be performed during view rendering. Explicitly configure spring.jpa.open-in-view to disable this warning
2422 [main] INFO  o.s.s.c.ThreadPoolTaskExecutor – Initializing ExecutorService 'applicationTaskExecutor'
2460 [main] INFO  o.s.b.a.w.s.WelcomePageHandlerMapping – Adding welcome page: class path resource [static/index.html]
2538 [main] INFO  o.a.coyote.http11.Http11NioProtocol – Starting ProtocolHandler ["http-nio-8080"]
2538 [main] INFO  o.s.b.w.e.tomcat.TomcatWebServer – Tomcat started on port(s): 8080 (http) with context path ''
2560 [main] INFO  c.e.p.Practice21Application – Started Practice21Application in 2.329 seconds (JVM running for 2.979)
369  [main] INFO  c.e.p.Practice21Application – Starting Practice21Application using Java 11.0.10 on Harlequin with PID 8564 (C:\Users\Harlequin\java-templates-master\java-templates-master\practice21\target\classes started by Harlequin in C:\Users\Harlequin\java-templates-master\java-templates-master\practice21)
369  [main] INFO  c.e.p.Practice21Application – No active profile set, falling back to default profiles: default
655  [main] INFO  o.s.d.r.c.RepositoryConfigurationDelegate – Bootstrapping Spring Data JPA repositories in DEFAULT mode.
702  [main] INFO  o.s.d.r.c.RepositoryConfigurationDelegate – Finished Spring Data repository scanning in 25 ms. Found 2 JPA repository interfaces.
1103 [main] INFO  o.s.b.w.e.tomcat.TomcatWebServer – Tomcat initialized with port(s): 8080 (http)
1118 [main] INFO  o.a.coyote.http11.Http11NioProtocol – Initializing ProtocolHandler ["http-nio-8080"]
1118 [main] INFO  o.a.catalina.core.StandardService – Starting service [Tomcat]
1118 [main] INFO  o.a.catalina.core.StandardEngine – Starting Servlet engine: [Apache Tomcat/9.0.43]
1172 [main] INFO  o.a.c.c.C.[Tomcat].[localhost].[/] – Initializing Spring embedded WebApplicationContext
1172 [main] INFO  o.s.b.w.s.c.ServletWebServerApplicationContext – Root WebApplicationContext: initialization completed in 771 ms
1225 [main] INFO  com.zaxxer.hikari.HikariDataSource – HikariPool-1 - Starting...
1325 [main] INFO  com.zaxxer.hikari.HikariDataSource – HikariPool-1 - Start completed.
1403 [main] INFO  o.h.jpa.internal.util.LogHelper – HHH000204: Processing PersistenceUnitInfo [name: default]
1426 [main] INFO  org.hibernate.Version – HHH000412: Hibernate ORM core version 5.4.28.Final
1504 [main] INFO  o.h.annotations.common.Version – HCANN000001: Hibernate Commons Annotations {5.1.2.Final}
1573 [main] INFO  org.hibernate.dialect.Dialect – HHH000400: Using dialect: org.hibernate.dialect.PostgreSQL10Dialect
1905 [main] INFO  o.h.e.t.j.p.i.JtaPlatformInitiator – HHH000490: Using JtaPlatform implementation: [org.hibernate.engine.transaction.jta.platform.internal.NoJtaPlatform]
1920 [main] INFO  o.s.o.j.LocalContainerEntityManagerFactoryBean – Initialized JPA EntityManagerFactory for persistence unit 'default'
2159 [main] WARN  o.s.b.a.o.j.JpaBaseConfiguration$JpaWebConfiguration – spring.jpa.open-in-view is enabled by default. Therefore, database queries may be performed during view rendering. Explicitly configure spring.jpa.open-in-view to disable this warning
2243 [main] INFO  o.s.s.c.ThreadPoolTaskExecutor – Initializing ExecutorService 'applicationTaskExecutor'
2275 [main] INFO  o.s.b.a.w.s.WelcomePageHandlerMapping – Adding welcome page: class path resource [static/index.html]
2359 [main] INFO  o.a.coyote.http11.Http11NioProtocol – Starting ProtocolHandler ["http-nio-8080"]
2375 [main] INFO  o.s.b.w.e.tomcat.TomcatWebServer – Tomcat started on port(s): 8080 (http) with context path ''
2375 [main] INFO  c.e.p.Practice21Application – Started Practice21Application in 2.215 seconds (JVM running for 2.756)
2607 [http-nio-8080-exec-1] INFO  o.a.c.c.C.[Tomcat].[localhost].[/] – Initializing Spring DispatcherServlet 'dispatcherServlet'
2607 [http-nio-8080-exec-1] INFO  o.s.web.servlet.DispatcherServlet – Initializing Servlet 'dispatcherServlet'
2607 [http-nio-8080-exec-1] INFO  o.s.web.servlet.DispatcherServlet – Completed initialization in 0 ms
